<?xml version="1.0" encoding="UTF-8"?>
<!-- Generated by org.testng.reporters.JUnitReportReporter -->
<testsuite hostname="DESKTOP-GS4AFBD" failures="0" tests="4" name="com.ea.SpringBasic.runner.TestRunner" time="28.627" errors="0" timestamp="2023-02-24T08:51:40 CET" skipped="0">
  <testcase classname="com.ea.SpringBasic.runner.TestRunner" name="runScenario" time="4.012"/>
  <system-out/>
  <testcase classname="com.ea.SpringBasic.runner.TestRunner" name="runScenario" time="3.982"/>
  <system-out/>
  <testcase classname="com.ea.SpringBasic.runner.TestRunner" name="runScenario" time="16.566"/>
  <system-out/>
  <testcase classname="com.ea.SpringBasic.runner.TestRunner" name="runScenario" time="4.067"/>
  <system-out/>
</testsuite> <!-- com.ea.SpringBasic.runner.TestRunner -->
